<<<<<<< HEAD
abr 22, 2024 6:29:42 P. M. Log run
=======
abr 22, 2024 6:35:38 P. M. Log run
>>>>>>> ff520d9514227d139bd3a1d1900827daabb4bc55
INFO: Información actual: 
Reservas canceladas: 0
Reservas aprobadas (verificadas): 2

<<<<<<< HEAD
abr 22, 2024 6:29:42 P. M. Log run
INFO: Información actual: 
Reservas canceladas: 0
Reservas aprobadas (verificadas): 4

abr 22, 2024 6:29:43 P. M. Log run
INFO: Información actual: 
Reservas canceladas: 0
Reservas aprobadas (verificadas): 6

abr 22, 2024 6:29:43 P. M. Log run
INFO: Información actual: 
Reservas canceladas: 0
Reservas aprobadas (verificadas): 8

abr 22, 2024 6:29:43 P. M. Log run
INFO: Información actual: 
Reservas canceladas: 1
Reservas aprobadas (verificadas): 9

abr 22, 2024 6:29:43 P. M. Log run
INFO: Información actual: 
Reservas canceladas: 1
Reservas aprobadas (verificadas): 11

abr 22, 2024 6:29:43 P. M. Log run
=======
abr 22, 2024 6:35:38 P. M. Log run
INFO: Información actual: 
Reservas canceladas: 2
Reservas aprobadas (verificadas): 4

abr 22, 2024 6:35:38 P. M. Log run
INFO: Información actual: 
Reservas canceladas: 3
Reservas aprobadas (verificadas): 5

abr 22, 2024 6:35:38 P. M. Log run
INFO: Información actual: 
Reservas canceladas: 4
Reservas aprobadas (verificadas): 6

abr 22, 2024 6:35:39 P. M. Log run
INFO: Información actual: 
Reservas canceladas: 4
Reservas aprobadas (verificadas): 8

abr 22, 2024 6:35:39 P. M. Log run
INFO: Información actual: 
Reservas canceladas: 4
Reservas aprobadas (verificadas): 10

abr 22, 2024 6:35:39 P. M. Log run
>>>>>>> ff520d9514227d139bd3a1d1900827daabb4bc55
INFO: Información actual: 
Reservas canceladas: 1
Reservas aprobadas (verificadas): 13

<<<<<<< HEAD
abr 22, 2024 6:29:44 P. M. Log run
=======
abr 22, 2024 6:35:39 P. M. Log run
>>>>>>> ff520d9514227d139bd3a1d1900827daabb4bc55
INFO: Información actual: 
Reservas canceladas: 2
Reservas aprobadas (verificadas): 14

<<<<<<< HEAD
abr 22, 2024 6:29:44 P. M. Log run
INFO: Información actual: 
Reservas canceladas: 2
Reservas aprobadas (verificadas): 16

abr 22, 2024 6:29:44 P. M. Log run
INFO: Información actual: 
Reservas canceladas: 2
Reservas aprobadas (verificadas): 18

abr 22, 2024 6:29:44 P. M. Log run
=======
abr 22, 2024 6:35:39 P. M. Log run
INFO: Información actual: 
Reservas canceladas: 6
Reservas aprobadas (verificadas): 15

abr 22, 2024 6:35:40 P. M. Log run
INFO: Información actual: 
Reservas canceladas: 6
Reservas aprobadas (verificadas): 17

abr 22, 2024 6:35:40 P. M. Log run
>>>>>>> ff520d9514227d139bd3a1d1900827daabb4bc55
INFO: Información actual: 
Reservas canceladas: 2
Reservas aprobadas (verificadas): 20

<<<<<<< HEAD
abr 22, 2024 6:29:44 P. M. Log run
=======
abr 22, 2024 6:35:40 P. M. Log run
>>>>>>> ff520d9514227d139bd3a1d1900827daabb4bc55
INFO: Información actual: 
Reservas canceladas: 3
Reservas aprobadas (verificadas): 21

<<<<<<< HEAD
abr 22, 2024 6:29:45 P. M. Log run
=======
abr 22, 2024 6:35:40 P. M. Log run
>>>>>>> ff520d9514227d139bd3a1d1900827daabb4bc55
INFO: Información actual: 
Reservas canceladas: 4
Reservas aprobadas (verificadas): 22

<<<<<<< HEAD
abr 22, 2024 6:29:45 P. M. Log run
INFO: Información actual: 
Reservas canceladas: 4
Reservas aprobadas (verificadas): 24

abr 22, 2024 6:29:45 P. M. Log run
INFO: Información actual: 
Reservas canceladas: 5
Reservas aprobadas (verificadas): 25

abr 22, 2024 6:29:45 P. M. Log run
INFO: Información actual: 
Reservas canceladas: 5
Reservas aprobadas (verificadas): 27

abr 22, 2024 6:29:45 P. M. Log run
INFO: Información actual: 
Reservas canceladas: 6
Reservas aprobadas (verificadas): 28

abr 22, 2024 6:29:46 P. M. Log run
INFO: Información actual: 
Reservas canceladas: 7
Reservas aprobadas (verificadas): 29

abr 22, 2024 6:29:46 P. M. Log run
INFO: Información actual: 
Reservas canceladas: 7
Reservas aprobadas (verificadas): 31

abr 22, 2024 6:29:46 P. M. Log run
INFO: Información actual: 
Reservas canceladas: 8
Reservas aprobadas (verificadas): 32

abr 22, 2024 6:29:46 P. M. Log run
INFO: Información actual: 
Reservas canceladas: 8
Reservas aprobadas (verificadas): 34

abr 22, 2024 6:29:46 P. M. Log run
=======
abr 22, 2024 6:35:40 P. M. Log run
INFO: Información actual: 
Reservas canceladas: 6
Reservas aprobadas (verificadas): 24

abr 22, 2024 6:35:41 P. M. Log run
INFO: Información actual: 
Reservas canceladas: 6
Reservas aprobadas (verificadas): 26

abr 22, 2024 6:35:41 P. M. Log run
INFO: Información actual: 
Reservas canceladas: 6
Reservas aprobadas (verificadas): 28

abr 22, 2024 6:35:41 P. M. Log run
INFO: Información actual: 
Reservas canceladas: 6
Reservas aprobadas (verificadas): 30

abr 22, 2024 6:35:41 P. M. Log run
INFO: Información actual: 
Reservas canceladas: 6
Reservas aprobadas (verificadas): 32

abr 22, 2024 6:35:41 P. M. Log run
INFO: Información actual: 
Reservas canceladas: 6
Reservas aprobadas (verificadas): 34

abr 22, 2024 6:35:42 P. M. Log run
>>>>>>> ff520d9514227d139bd3a1d1900827daabb4bc55
INFO: Información actual: 
Reservas canceladas: 10
Reservas aprobadas (verificadas): 34

abr 22, 2024 6:29:47 P. M. Log run
INFO: Información actual: 
Reservas canceladas: 10
Reservas aprobadas (verificadas): 36

<<<<<<< HEAD
abr 22, 2024 6:29:47 P. M. Log run
INFO: Información actual: 
Reservas canceladas: 10
Reservas aprobadas (verificadas): 38

abr 22, 2024 6:29:47 P. M. Log run
INFO: Información actual: 
Reservas canceladas: 11
Reservas aprobadas (verificadas): 39

abr 22, 2024 6:29:47 P. M. Log run
INFO: Información actual: 
Reservas canceladas: 11
Reservas aprobadas (verificadas): 41

abr 22, 2024 6:29:48 P. M. Log run
INFO: Información actual: 
Reservas canceladas: 11
Reservas aprobadas (verificadas): 43

abr 22, 2024 6:29:48 P. M. Log run
INFO: Información actual: 
Reservas canceladas: 12
Reservas aprobadas (verificadas): 44

abr 22, 2024 6:29:48 P. M. Log run
INFO: Información actual: 
Reservas canceladas: 14
Reservas aprobadas (verificadas): 44

abr 22, 2024 6:29:48 P. M. Log run
INFO: Información actual: 
Reservas canceladas: 14
Reservas aprobadas (verificadas): 46

abr 22, 2024 6:29:48 P. M. Log run
INFO: Información actual: 
Reservas canceladas: 15
Reservas aprobadas (verificadas): 47

abr 22, 2024 6:29:49 P. M. Log run
INFO: Información actual: 
Reservas canceladas: 15
Reservas aprobadas (verificadas): 49

abr 22, 2024 6:29:49 P. M. Log run
INFO: Información actual: 
Reservas canceladas: 15
Reservas aprobadas (verificadas): 51

abr 22, 2024 6:29:49 P. M. Log run
INFO: Información actual: 
Reservas canceladas: 15
Reservas aprobadas (verificadas): 53

abr 22, 2024 6:29:49 P. M. Log run
INFO: Información actual: 
Reservas canceladas: 15
Reservas aprobadas (verificadas): 55

abr 22, 2024 6:29:49 P. M. Log run
INFO: Información actual: 
Reservas canceladas: 15
Reservas aprobadas (verificadas): 57

abr 22, 2024 6:29:50 P. M. Log run
INFO: Información actual: 
Reservas canceladas: 15
Reservas aprobadas (verificadas): 59

abr 22, 2024 6:29:50 P. M. Log run
INFO: Información actual: 
Reservas canceladas: 16
Reservas aprobadas (verificadas): 60

abr 22, 2024 6:29:50 P. M. Log run
INFO: Información actual: 
Reservas canceladas: 16
Reservas aprobadas (verificadas): 62

abr 22, 2024 6:29:50 P. M. Log run
INFO: Información actual: 
Reservas canceladas: 17
Reservas aprobadas (verificadas): 63

abr 22, 2024 6:29:50 P. M. Log run
INFO: Información actual: 
Reservas canceladas: 17
Reservas aprobadas (verificadas): 65

abr 22, 2024 6:29:51 P. M. Log run
INFO: Información actual: 
Reservas canceladas: 17
Reservas aprobadas (verificadas): 67

abr 22, 2024 6:29:51 P. M. Log run
INFO: Información actual: 
Reservas canceladas: 17
Reservas aprobadas (verificadas): 69

abr 22, 2024 6:29:51 P. M. Log run
INFO: Información actual: 
Reservas canceladas: 18
Reservas aprobadas (verificadas): 71

abr 22, 2024 6:29:51 P. M. Log run
INFO: Información actual: 
Reservas canceladas: 19
Reservas aprobadas (verificadas): 72

abr 22, 2024 6:29:51 P. M. Log run
INFO: Información actual: 
Reservas canceladas: 19
Reservas aprobadas (verificadas): 74

abr 22, 2024 6:29:52 P. M. Log run
=======
abr 22, 2024 6:35:42 P. M. Log run
INFO: Información actual: 
Reservas canceladas: 8
Reservas aprobadas (verificadas): 37

abr 22, 2024 6:35:42 P. M. Log run
INFO: Información actual: 
Reservas canceladas: 8
Reservas aprobadas (verificadas): 39

abr 22, 2024 6:35:42 P. M. Log run
INFO: Información actual: 
Reservas canceladas: 8
Reservas aprobadas (verificadas): 41

abr 22, 2024 6:35:43 P. M. Log run
INFO: Información actual: 
Reservas canceladas: 9
Reservas aprobadas (verificadas): 42

abr 22, 2024 6:35:43 P. M. Log run
INFO: Información actual: 
Reservas canceladas: 9
Reservas aprobadas (verificadas): 44

abr 22, 2024 6:35:43 P. M. Log run
INFO: Información actual: 
Reservas canceladas: 9
Reservas aprobadas (verificadas): 46

abr 22, 2024 6:35:43 P. M. Log run
INFO: Información actual: 
Reservas canceladas: 9
Reservas aprobadas (verificadas): 48

abr 22, 2024 6:35:43 P. M. Log run
INFO: Información actual: 
Reservas canceladas: 9
Reservas aprobadas (verificadas): 50

abr 22, 2024 6:35:44 P. M. Log run
INFO: Información actual: 
Reservas canceladas: 9
Reservas aprobadas (verificadas): 52

abr 22, 2024 6:35:44 P. M. Log run
INFO: Información actual: 
Reservas canceladas: 9
Reservas aprobadas (verificadas): 54

abr 22, 2024 6:35:44 P. M. Log run
INFO: Información actual: 
Reservas canceladas: 9
Reservas aprobadas (verificadas): 56

abr 22, 2024 6:35:44 P. M. Log run
INFO: Información actual: 
Reservas canceladas: 10
Reservas aprobadas (verificadas): 57

abr 22, 2024 6:35:44 P. M. Log run
INFO: Información actual: 
Reservas canceladas: 10
Reservas aprobadas (verificadas): 59

abr 22, 2024 6:35:45 P. M. Log run
INFO: Información actual: 
Reservas canceladas: 10
Reservas aprobadas (verificadas): 61

abr 22, 2024 6:35:45 P. M. Log run
INFO: Información actual: 
Reservas canceladas: 11
Reservas aprobadas (verificadas): 62

abr 22, 2024 6:35:45 P. M. Log run
INFO: Información actual: 
Reservas canceladas: 11
Reservas aprobadas (verificadas): 64

abr 22, 2024 6:35:45 P. M. Log run
INFO: Información actual: 
Reservas canceladas: 11
Reservas aprobadas (verificadas): 66

abr 22, 2024 6:35:45 P. M. Log run
INFO: Información actual: 
Reservas canceladas: 11
Reservas aprobadas (verificadas): 68

abr 22, 2024 6:35:46 P. M. Log run
INFO: Información actual: 
Reservas canceladas: 11
Reservas aprobadas (verificadas): 70

abr 22, 2024 6:35:46 P. M. Log run
INFO: Información actual: 
Reservas canceladas: 11
Reservas aprobadas (verificadas): 72

abr 22, 2024 6:35:46 P. M. Log run
INFO: Información actual: 
Reservas canceladas: 11
Reservas aprobadas (verificadas): 74

abr 22, 2024 6:35:46 P. M. Log run
INFO: Información actual: 
Reservas canceladas: 11
Reservas aprobadas (verificadas): 76

abr 22, 2024 6:35:46 P. M. Log run
>>>>>>> ff520d9514227d139bd3a1d1900827daabb4bc55
INFO: Información actual: 
Reservas canceladas: 19
Reservas aprobadas (verificadas): 76

<<<<<<< HEAD
abr 22, 2024 6:29:52 P. M. Log run
INFO: Información actual: 
Reservas canceladas: 19
Reservas aprobadas (verificadas): 78

abr 22, 2024 6:29:52 P. M. Log run
INFO: Información actual: 
Reservas canceladas: 19
Reservas aprobadas (verificadas): 80

abr 22, 2024 6:29:52 P. M. Log run
INFO: Información actual: 
Reservas canceladas: 19
Reservas aprobadas (verificadas): 80

abr 22, 2024 6:29:52 P. M. Log run
INFO: 
Matriz de ocupacion: 
OCUPADO	OCUPADO	DESCARTADO	OCUPADO	OCUPADO	OCUPADO	
OCUPADO	OCUPADO	OCUPADO	OCUPADO	OCUPADO	OCUPADO	
OCUPADO	OCUPADO	DESCARTADO	OCUPADO	OCUPADO	OCUPADO	
OCUPADO	OCUPADO	OCUPADO	OCUPADO	DESCARTADO	OCUPADO	
DESCARTADO	OCUPADO	OCUPADO	OCUPADO	OCUPADO	DESCARTADO	
OCUPADO	OCUPADO	OCUPADO	OCUPADO	OCUPADO	DESCARTADO	
=======
abr 22, 2024 6:35:47 P. M. Log run
INFO: Información actual: 
Reservas canceladas: 12
Reservas aprobadas (verificadas): 79

abr 22, 2024 6:35:47 P. M. Log run
INFO: Información actual: 
Reservas canceladas: 13
Reservas aprobadas (verificadas): 80

abr 22, 2024 6:35:47 P. M. Log run
INFO: Información actual: 
Reservas canceladas: 13
Reservas aprobadas (verificadas): 82

abr 22, 2024 6:35:47 P. M. Log run
INFO: Información actual: 
Reservas canceladas: 14
Reservas aprobadas (verificadas): 83

abr 22, 2024 6:35:47 P. M. Log run
INFO: Información actual: 
Reservas canceladas: 14
Reservas aprobadas (verificadas): 85

abr 22, 2024 6:35:48 P. M. Log run
INFO: Información actual: 
Reservas canceladas: 14
Reservas aprobadas (verificadas): 85

abr 22, 2024 6:35:48 P. M. Log run
INFO: Información actual: 
Reservas canceladas: 14
Reservas aprobadas (verificadas): 85

abr 22, 2024 6:35:48 P. M. Log run
INFO: 
Matriz de ocupacion: 
OCUPADO	OCUPADO	OCUPADO	OCUPADO	OCUPADO	OCUPADO	
DESCARTADO	OCUPADO	OCUPADO	OCUPADO	OCUPADO	OCUPADO	
OCUPADO	OCUPADO	OCUPADO	OCUPADO	OCUPADO	OCUPADO	
OCUPADO	OCUPADO	OCUPADO	OCUPADO	OCUPADO	OCUPADO	
OCUPADO	OCUPADO	OCUPADO	OCUPADO	OCUPADO	OCUPADO	
OCUPADO	OCUPADO	OCUPADO	OCUPADO	OCUPADO	DESCARTADO	
OCUPADO	OCUPADO	OCUPADO	DESCARTADO	OCUPADO	OCUPADO	
>>>>>>> ff520d9514227d139bd3a1d1900827daabb4bc55
OCUPADO	OCUPADO	OCUPADO	OCUPADO	OCUPADO	OCUPADO	
OCUPADO	OCUPADO	OCUPADO	DESCARTADO	OCUPADO	DESCARTADO	
OCUPADO	OCUPADO	OCUPADO	OCUPADO	OCUPADO	DESCARTADO	
OCUPADO	OCUPADO	OCUPADO	OCUPADO	OCUPADO	OCUPADO	
<<<<<<< HEAD
OCUPADO	OCUPADO	OCUPADO	OCUPADO	OCUPADO	OCUPADO	
OCUPADO	OCUPADO	OCUPADO	OCUPADO	OCUPADO	OCUPADO	
OCUPADO	OCUPADO	OCUPADO	DESCARTADO	OCUPADO	OCUPADO	
OCUPADO	OCUPADO	OCUPADO	OCUPADO	OCUPADO	OCUPADO	
OCUPADO	OCUPADO	OCUPADO	OCUPADO	OCUPADO	OCUPADO	
OCUPADO	OCUPADO	OCUPADO	OCUPADO	OCUPADO	OCUPADO	
OCUPADO	OCUPADO	OCUPADO	OCUPADO	OCUPADO	OCUPADO	
OCUPADO	OCUPADO	OCUPADO	OCUPADO	OCUPADO	OCUPADO	
OCUPADO	DESCARTADO	OCUPADO	OCUPADO	OCUPADO	OCUPADO	
OCUPADO	OCUPADO	OCUPADO	OCUPADO	OCUPADO	OCUPADO	
OCUPADO	OCUPADO	OCUPADO	OCUPADO	OCUPADO	DESCARTADO	
OCUPADO	OCUPADO	OCUPADO	OCUPADO	DESCARTADO	DESCARTADO	
OCUPADO	DESCARTADO	OCUPADO	OCUPADO	OCUPADO	OCUPADO	
OCUPADO	OCUPADO	OCUPADO	OCUPADO	DESCARTADO	OCUPADO	
OCUPADO	OCUPADO	OCUPADO	OCUPADO	OCUPADO	OCUPADO	
OCUPADO	DESCARTADO	OCUPADO	OCUPADO	DESCARTADO	OCUPADO	
OCUPADO	OCUPADO	OCUPADO	OCUPADO	OCUPADO	OCUPADO	
OCUPADO	OCUPADO	DESCARTADO	OCUPADO	OCUPADO	OCUPADO	
OCUPADO	OCUPADO	OCUPADO	OCUPADO	OCUPADO	OCUPADO	
=======
OCUPADO	OCUPADO	DESCARTADO	OCUPADO	OCUPADO	OCUPADO	
OCUPADO	OCUPADO	OCUPADO	OCUPADO	OCUPADO	OCUPADO	
OCUPADO	OCUPADO	OCUPADO	OCUPADO	OCUPADO	OCUPADO	
OCUPADO	OCUPADO	OCUPADO	OCUPADO	OCUPADO	OCUPADO	
DESCARTADO	OCUPADO	OCUPADO	OCUPADO	OCUPADO	OCUPADO	
OCUPADO	OCUPADO	OCUPADO	OCUPADO	OCUPADO	OCUPADO	
OCUPADO	OCUPADO	OCUPADO	OCUPADO	OCUPADO	OCUPADO	
DESCARTADO	OCUPADO	OCUPADO	OCUPADO	OCUPADO	OCUPADO	
DESCARTADO	OCUPADO	OCUPADO	OCUPADO	OCUPADO	DESCARTADO	
OCUPADO	OCUPADO	OCUPADO	OCUPADO	OCUPADO	OCUPADO	
OCUPADO	OCUPADO	OCUPADO	OCUPADO	OCUPADO	OCUPADO	
OCUPADO	OCUPADO	OCUPADO	OCUPADO	OCUPADO	OCUPADO	
OCUPADO	OCUPADO	OCUPADO	OCUPADO	OCUPADO	OCUPADO	
OCUPADO	OCUPADO	OCUPADO	OCUPADO	OCUPADO	OCUPADO	
OCUPADO	DESCARTADO	OCUPADO	OCUPADO	OCUPADO	OCUPADO	
OCUPADO	OCUPADO	DESCARTADO	OCUPADO	DESCARTADO	OCUPADO	
>>>>>>> ff520d9514227d139bd3a1d1900827daabb4bc55
OCUPADO	OCUPADO	OCUPADO	OCUPADO	OCUPADO	OCUPADO	
OCUPADO	OCUPADO	OCUPADO	OCUPADO	OCUPADO	OCUPADO	


<<<<<<< HEAD
abr 22, 2024 6:29:52 P. M. Log run
INFO: Información final: 
Reservas canceladas: 19
Reservas aprobadas (verificadas): 80

abr 22, 2024 6:29:52 P. M. Log run
INFO: 
El programa demoro: 10448 ms
=======
abr 22, 2024 6:35:48 P. M. Log run
INFO: Información final: 
Reservas canceladas: 14
Reservas aprobadas (verificadas): 85

abr 22, 2024 6:35:48 P. M. Log run
INFO: 
El programa demoro: 10693 ms
>>>>>>> ff520d9514227d139bd3a1d1900827daabb4bc55
